<?xml version="1.0" encoding="UTF-8"?>
<!-- Generated by org.testng.reporters.JUnitReportReporter -->
<testsuite hostname="Alpha01" failures="0" tests="3" name="naukriProfile.com.NaukriUpdate" time="2.775" errors="0" timestamp="2024-09-30T18:19:31 IST" skipped="0">
  <testcase classname="naukriProfile.com.NaukriUpdate" name="loginToApplication" time="0.288"/>
  <testcase classname="naukriProfile.com.NaukriUpdate" name="updateProfile" time="1.857"/>
  <testcase classname="naukriProfile.com.NaukriUpdate" name="logout" time="0.630"/>
</testsuite> <!-- naukriProfile.com.NaukriUpdate -->
