<?xml version="1.0" encoding="UTF-8"?>
<!-- Generated by org.testng.reporters.JUnitReportReporter -->
<testsuite hostname="Alpha01" failures="0" tests="3" name="naukriProfile.com.NaukriUpdateTest" time="3.618" errors="0" timestamp="2024-10-03T08:16:01 IST" skipped="0">
  <testcase classname="naukriProfile.com.NaukriUpdateTest" name="loginToApplication" time="0.341"/>
  <testcase classname="naukriProfile.com.NaukriUpdateTest" name="updateProfile" time="2.668"/>
  <testcase classname="naukriProfile.com.NaukriUpdateTest" name="logout" time="0.609"/>
</testsuite> <!-- naukriProfile.com.NaukriUpdateTest -->
